<?xml version="1.0" encoding="UTF-8"?>
<testsuite name="org.makaia.clinica.PacienteServiceTest" tests="4" skipped="0" failures="0" errors="0" timestamp="2024-07-18T12:11:29" hostname="DESKTOP-GADBHEF" time="0.131">
  <properties/>
  <testcase name="crearUsuarioCuandoExisteEnBd()" classname="org.makaia.clinica.PacienteServiceTest" time="0.124"/>
  <testcase name="crearUsuarioNuevo()" classname="org.makaia.clinica.PacienteServiceTest" time="0.003"/>
  <testcase name="crearPacienteCuandoNombreEsNulo()" classname="org.makaia.clinica.PacienteServiceTest" time="0.001"/>
  <testcase name="crearPacienteCuandoEsNulo()" classname="org.makaia.clinica.PacienteServiceTest" time="0.001"/>
  <system-out><![CDATA[]]></system-out>
  <system-err><![CDATA[]]></system-err>
</testsuite>
