<?xml version="1.0" encoding="UTF-8"?>
<testsuite name="org.makaia.clinica.ClinicaApplicationTests" tests="1" skipped="0" failures="0" errors="0" timestamp="2024-07-18T12:11:28" hostname="DESKTOP-GADBHEF" time="0.261">
  <properties/>
  <testcase name="contextLoads()" classname="org.makaia.clinica.ClinicaApplicationTests" time="0.261"/>
  <system-out><![CDATA[07:11:14.860 [Test worker] DEBUG org.springframework.test.context.BootstrapUtils - Instantiating CacheAwareContextLoaderDelegate from class [org.springframework.test.context.cache.DefaultCacheAwareContextLoaderDelegate]
07:11:14.873 [Test worker] DEBUG org.springframework.test.context.BootstrapUtils - Instantiating BootstrapContext using constructor [public org.springframework.test.context.support.DefaultBootstrapContext(java.lang.Class,org.springframework.test.context.CacheAwareContextLoaderDelegate)]
07:11:14.919 [Test worker] DEBUG org.springframework.test.context.BootstrapUtils - Instantiating TestContextBootstrapper for test class [org.makaia.clinica.ClinicaApplicationTests] from class [org.springframework.boot.test.context.SpringBootTestContextBootstrapper]
07:11:14.939 [Test worker] INFO org.springframework.boot.test.context.SpringBootTestContextBootstrapper - Neither @ContextConfiguration nor @ContextHierarchy found for test class [org.makaia.clinica.ClinicaApplicationTests], using SpringBootContextLoader
07:11:14.947 [Test worker] DEBUG org.springframework.test.context.support.AbstractContextLoader - Did not detect default resource location for test class [org.makaia.clinica.ClinicaApplicationTests]: class path resource [org/makaia/clinica/ClinicaApplicationTests-context.xml] does not exist
07:11:14.947 [Test worker] DEBUG org.springframework.test.context.support.AbstractContextLoader - Did not detect default resource location for test class [org.makaia.clinica.ClinicaApplicationTests]: class path resource [org/makaia/clinica/ClinicaApplicationTestsContext.groovy] does not exist
07:11:14.947 [Test worker] INFO org.springframework.test.context.support.AbstractContextLoader - Could not detect default resource locations for test class [org.makaia.clinica.ClinicaApplicationTests]: no resource found for suffixes {-context.xml, Context.groovy}.
07:11:14.947 [Test worker] INFO org.springframework.test.context.support.AnnotationConfigContextLoaderUtils - Could not detect default configuration classes for test class [org.makaia.clinica.ClinicaApplicationTests]: ClinicaApplicationTests does not declare any static, non-private, non-final, nested classes annotated with @Configuration.
07:11:14.997 [Test worker] DEBUG org.springframework.test.context.support.ActiveProfilesUtils - Could not find an 'annotation declaring class' for annotation type [org.springframework.test.context.ActiveProfiles] and class [org.makaia.clinica.ClinicaApplicationTests]
07:11:15.097 [Test worker] DEBUG org.springframework.context.annotation.ClassPathScanningCandidateComponentProvider - Identified candidate component class: file [C:\Users\Mariana\Desktop\Mkaia\Despliegue continuo\Clinica_testing\build\classes\java\main\org\makaia\clinica\ClinicaApplication.class]
07:11:15.097 [Test worker] INFO org.springframework.boot.test.context.SpringBootTestContextBootstrapper - Found @SpringBootConfiguration org.makaia.clinica.ClinicaApplication for test class org.makaia.clinica.ClinicaApplicationTests
07:11:15.237 [Test worker] DEBUG org.springframework.boot.test.context.SpringBootTestContextBootstrapper - @TestExecutionListeners is not present for class [org.makaia.clinica.ClinicaApplicationTests]: using defaults.
07:11:15.241 [Test worker] INFO org.springframework.boot.test.context.SpringBootTestContextBootstrapper - Loaded default TestExecutionListener class names from location [META-INF/spring.factories]: [org.springframework.boot.test.autoconfigure.restdocs.RestDocsTestExecutionListener, org.springframework.boot.test.autoconfigure.web.client.MockRestServiceServerResetTestExecutionListener, org.springframework.boot.test.autoconfigure.web.servlet.MockMvcPrintOnlyOnFailureTestExecutionListener, org.springframework.boot.test.autoconfigure.web.servlet.WebDriverTestExecutionListener, org.springframework.boot.test.autoconfigure.webservices.client.MockWebServiceServerTestExecutionListener, org.springframework.boot.test.mock.mockito.MockitoTestExecutionListener, org.springframework.boot.test.mock.mockito.ResetMocksTestExecutionListener, org.springframework.test.context.web.ServletTestExecutionListener, org.springframework.test.context.support.DirtiesContextBeforeModesTestExecutionListener, org.springframework.test.context.event.ApplicationEventsTestExecutionListener, org.springframework.test.context.support.DependencyInjectionTestExecutionListener, org.springframework.test.context.support.DirtiesContextTestExecutionListener, org.springframework.test.context.transaction.TransactionalTestExecutionListener, org.springframework.test.context.jdbc.SqlScriptsTestExecutionListener, org.springframework.test.context.event.EventPublishingTestExecutionListener]
07:11:15.269 [Test worker] INFO org.springframework.boot.test.context.SpringBootTestContextBootstrapper - Using TestExecutionListeners: [org.springframework.test.context.web.ServletTestExecutionListener@25f7391e, org.springframework.test.context.support.DirtiesContextBeforeModesTestExecutionListener@3f23a3a0, org.springframework.test.context.event.ApplicationEventsTestExecutionListener@5ab14cb9, org.springframework.boot.test.mock.mockito.MockitoTestExecutionListener@5fb97279, org.springframework.boot.test.autoconfigure.SpringBootDependencyInjectionTestExecutionListener@439a8f59, org.springframework.test.context.support.DirtiesContextTestExecutionListener@61861a29, org.springframework.test.context.transaction.TransactionalTestExecutionListener@31024624, org.springframework.test.context.jdbc.SqlScriptsTestExecutionListener@25bcd0c7, org.springframework.test.context.event.EventPublishingTestExecutionListener@32cb636e, org.springframework.boot.test.autoconfigure.restdocs.RestDocsTestExecutionListener@63cd604c, org.springframework.boot.test.autoconfigure.web.client.MockRestServiceServerResetTestExecutionListener@40dd3977, org.springframework.boot.test.autoconfigure.web.servlet.MockMvcPrintOnlyOnFailureTestExecutionListener@3a4e343, org.springframework.boot.test.autoconfigure.web.servlet.WebDriverTestExecutionListener@6a1d204a, org.springframework.boot.test.autoconfigure.webservices.client.MockWebServiceServerTestExecutionListener@62dae245, org.springframework.boot.test.mock.mockito.ResetMocksTestExecutionListener@4b6579e8]
07:11:15.276 [Test worker] DEBUG org.springframework.test.context.support.AbstractDirtiesContextTestExecutionListener - Before test class: context [DefaultTestContext@669513d8 testClass = ClinicaApplicationTests, testInstance = [null], testMethod = [null], testException = [null], mergedContextConfiguration = [WebMergedContextConfiguration@3a1d593e testClass = ClinicaApplicationTests, locations = '{}', classes = '{class org.makaia.clinica.ClinicaApplication}', contextInitializerClasses = '[]', activeProfiles = '{}', propertySourceLocations = '{}', propertySourceProperties = '{org.springframework.boot.test.context.SpringBootTestContextBootstrapper=true}', contextCustomizers = set[org.springframework.boot.test.autoconfigure.actuate.metrics.MetricsExportContextCustomizerFactory$DisableMetricExportContextCustomizer@2654635, org.springframework.boot.test.autoconfigure.properties.PropertyMappingContextCustomizer@0, org.springframework.boot.test.autoconfigure.web.servlet.WebDriverContextCustomizerFactory$Customizer@2fc6f97f, org.springframework.boot.test.context.filter.ExcludeFilterContextCustomizer@67304a40, org.springframework.boot.test.json.DuplicateJsonObjectContextCustomizerFactory$DuplicateJsonObjectContextCustomizer@6399551e, org.springframework.boot.test.mock.mockito.MockitoContextCustomizer@0, org.springframework.boot.test.web.client.TestRestTemplateContextCustomizer@436bc36, org.springframework.boot.test.context.SpringBootTestArgs@1, org.springframework.boot.test.context.SpringBootTestWebEnvironment@3ee37e5a], resourceBasePath = 'src/main/webapp', contextLoader = 'org.springframework.boot.test.context.SpringBootContextLoader', parent = [null]], attributes = map['org.springframework.test.context.web.ServletTestExecutionListener.activateListener' -> true]], class annotated with @DirtiesContext [false] with mode [null].

  .   ____          _            __ _ _
 /\\ / ___'_ __ _ _(_)_ __  __ _ \ \ \ \
( ( )\___ | '_ | '_| | '_ \/ _` | \ \ \ \
 \\/  ___)| |_)| | | | | || (_| |  ) ) ) )
  '  |____| .__|_| |_|_| |_\__, | / / / /
 =========|_|==============|___/=/_/_/_/
 :: Spring Boot ::               (v2.7.14)

2024-07-18 07:11:15.693  INFO 6184 --- [    Test worker] o.m.clinica.ClinicaApplicationTests      : Starting ClinicaApplicationTests using Java 17 on DESKTOP-GADBHEF with PID 6184 (started by Mariana in C:\Users\Mariana\Desktop\Mkaia\Despliegue continuo\Clinica_testing)
2024-07-18 07:11:15.693  INFO 6184 --- [    Test worker] o.m.clinica.ClinicaApplicationTests      : No active profile set, falling back to 1 default profile: "default"
2024-07-18 07:11:16.634  INFO 6184 --- [    Test worker] .s.d.r.c.RepositoryConfigurationDelegate : Bootstrapping Spring Data JPA repositories in DEFAULT mode.
2024-07-18 07:11:16.727  INFO 6184 --- [    Test worker] .s.d.r.c.RepositoryConfigurationDelegate : Finished Spring Data repository scanning in 79 ms. Found 3 JPA repository interfaces.
2024-07-18 07:11:17.599  INFO 6184 --- [    Test worker] o.hibernate.jpa.internal.util.LogHelper  : HHH000204: Processing PersistenceUnitInfo [name: default]
2024-07-18 07:11:17.675  INFO 6184 --- [    Test worker] org.hibernate.Version                    : HHH000412: Hibernate ORM core version 5.6.15.Final
2024-07-18 07:11:17.916  INFO 6184 --- [    Test worker] o.hibernate.annotations.common.Version   : HCANN000001: Hibernate Commons Annotations {5.1.2.Final}
2024-07-18 07:11:18.080  INFO 6184 --- [    Test worker] com.zaxxer.hikari.HikariDataSource       : HikariPool-1 - Starting...
2024-07-18 07:11:21.888  INFO 6184 --- [    Test worker] com.zaxxer.hikari.HikariDataSource       : HikariPool-1 - Start completed.
2024-07-18 07:11:21.932  INFO 6184 --- [    Test worker] org.hibernate.dialect.Dialect            : HHH000400: Using dialect: org.hibernate.dialect.PostgreSQL95Dialect
Hibernate: alter table if exists cita drop constraint if exists FK8nahxvrvcdh8r857a6hoi9maw
Hibernate: alter table if exists cita drop constraint if exists FKdbtp2mwrvqktqu8954d3xaddv
Hibernate: drop table if exists cita cascade
Hibernate: drop table if exists odontologo cascade
Hibernate: drop table if exists paciente cascade
Hibernate: create table cita (id  bigserial not null, fecha date, odontologo_id int4, paciente_id int4, primary key (id))
Hibernate: create table odontologo (matricula int4 not null, apellido varchar(255), nombre varchar(255), primary key (matricula))
Hibernate: create table paciente (dni int4 not null, apellido varchar(255), domicilio varchar(255), nombre varchar(255), primary key (dni))
Hibernate: alter table if exists cita add constraint FK8nahxvrvcdh8r857a6hoi9maw foreign key (odontologo_id) references odontologo
Hibernate: alter table if exists cita add constraint FKdbtp2mwrvqktqu8954d3xaddv foreign key (paciente_id) references paciente
2024-07-18 07:11:27.070  INFO 6184 --- [    Test worker] o.h.e.t.j.p.i.JtaPlatformInitiator       : HHH000490: Using JtaPlatform implementation: [org.hibernate.engine.transaction.jta.platform.internal.NoJtaPlatform]
2024-07-18 07:11:27.090  INFO 6184 --- [    Test worker] j.LocalContainerEntityManagerFactoryBean : Initialized JPA EntityManagerFactory for persistence unit 'default'
2024-07-18 07:11:27.837  WARN 6184 --- [    Test worker] JpaBaseConfiguration$JpaWebConfiguration : spring.jpa.open-in-view is enabled by default. Therefore, database queries may be performed during view rendering. Explicitly configure spring.jpa.open-in-view to disable this warning
2024-07-18 07:11:28.885  INFO 6184 --- [    Test worker] o.m.clinica.ClinicaApplicationTests      : Started ClinicaApplicationTests in 13.556 seconds (JVM running for 15.278)
]]></system-out>
  <system-err><![CDATA[]]></system-err>
</testsuite>
